<?xml version="1.0" encoding="UTF-8"?>
<testng-results skipped="0" failed="0" total="1" passed="1">
  <reporter-output>
  </reporter-output>
  <suite name="Failed suite [Default suite]" duration-ms="40459" started-at="2020-06-02T07:15:21Z" finished-at="2020-06-02T07:16:02Z">
    <groups>
      <group name="cucumber">
        <method signature="AbstractTestNGCucumberTests.feature(cucumber.api.testng.CucumberFeatureWrapper)[pri:0, instance:Runner.TestRunner@4bec1f0c]" name="feature" class="cucumber.api.testng.AbstractTestNGCucumberTests"/>
      </group> <!-- cucumber -->
    </groups>
    <test name="Default test(failed)" duration-ms="40459" started-at="2020-06-02T07:15:21Z" finished-at="2020-06-02T07:16:02Z">
      <class name="Runner.TestRunner">
        <test-method status="PASS" signature="setUpClass()[pri:0, instance:Runner.TestRunner@4bec1f0c]" name="setUpClass" is-config="true" duration-ms="199" started-at="2020-06-02T12:45:21Z" finished-at="2020-06-02T12:45:21Z">
          <reporter-output>
          </reporter-output>
        </test-method> <!-- setUpClass -->
        <test-method status="PASS" signature="feature(cucumber.api.testng.CucumberFeatureWrapper)[pri:0, instance:Runner.TestRunner@4bec1f0c]" name="feature" duration-ms="40155" started-at="2020-06-02T12:45:21Z" description="Runs Cucumber Feature" data-provider="features" finished-at="2020-06-02T12:46:01Z">
          <params>
            <param index="0">
              <value>
                <![CDATA[Test Facebook smoke scenario]]>
              </value>
            </param>
          </params>
          <reporter-output>
          </reporter-output>
        </test-method> <!-- feature -->
        <test-method status="PASS" signature="tearDownClass()[pri:0, instance:Runner.TestRunner@4bec1f0c]" name="tearDownClass" is-config="true" duration-ms="25" started-at="2020-06-02T12:46:01Z" finished-at="2020-06-02T12:46:02Z">
          <reporter-output>
          </reporter-output>
        </test-method> <!-- tearDownClass -->
      </class> <!-- Runner.TestRunner -->
    </test> <!-- Default test(failed) -->
  </suite> <!-- Failed suite [Default suite] -->
</testng-results>
